2018:04:02 16:42:22.209 INFO  --- [main] com.skcc.mongodb.sample.Application : Starting Application on Jaehoonui-MacBook-Pro.local with PID 23028 (/Volumes/1000jaeh/github/cloudz-labs/workspace/spring-samples/mongodb-sample/target/classes started by 1000jaeh in /Volumes/1000jaeh/github/cloudz-labs/workspace/spring-samples/mongodb-sample) 
2018:04:02 16:42:22.220 INFO  --- [main] com.skcc.mongodb.sample.Application : No active profile set, falling back to default profiles: default 
2018:04:02 16:42:22.267 INFO  --- [main] o.s.b.c.e.AnnotationConfigEmbeddedWebApplicationContext : Refreshing org.springframework.boot.context.embedded.AnnotationConfigEmbeddedWebApplicationContext@37ceb1df: startup date [Mon Apr 02 16:42:22 KST 2018]; root of context hierarchy 
2018:04:02 16:42:23.316 INFO  --- [main] o.s.b.c.e.t.TomcatEmbeddedServletContainer : Tomcat initialized with port(s): 8080 (http) 
2018:04:02 16:42:23.324 INFO  --- [main] o.a.catalina.core.StandardService : Starting service Tomcat 
2018:04:02 16:42:23.325 INFO  --- [main] o.a.catalina.core.StandardEngine : Starting Servlet Engine: Apache Tomcat/8.5.11 
2018:04:02 16:42:23.383 INFO  --- [localhost-startStop-1] o.a.c.c.C.[Tomcat].[localhost].[/] : Initializing Spring embedded WebApplicationContext 
2018:04:02 16:42:23.384 INFO  --- [localhost-startStop-1] o.s.web.context.ContextLoader : Root WebApplicationContext: initialization completed in 1117 ms 
2018:04:02 16:42:23.508 INFO  --- [localhost-startStop-1] o.s.b.w.s.ServletRegistrationBean : Mapping servlet: 'dispatcherServlet' to [/] 
2018:04:02 16:42:23.512 INFO  --- [localhost-startStop-1] o.s.b.w.s.FilterRegistrationBean : Mapping filter: 'characterEncodingFilter' to: [/*] 
2018:04:02 16:42:23.512 INFO  --- [localhost-startStop-1] o.s.b.w.s.FilterRegistrationBean : Mapping filter: 'hiddenHttpMethodFilter' to: [/*] 
2018:04:02 16:42:23.513 INFO  --- [localhost-startStop-1] o.s.b.w.s.FilterRegistrationBean : Mapping filter: 'httpPutFormContentFilter' to: [/*] 
2018:04:02 16:42:23.513 INFO  --- [localhost-startStop-1] o.s.b.w.s.FilterRegistrationBean : Mapping filter: 'requestContextFilter' to: [/*] 
2018:04:02 16:42:23.624 INFO  --- [main] org.mongodb.driver.cluster : Cluster created with settings {hosts=[localhost:27017], mode=MULTIPLE, requiredClusterType=UNKNOWN, serverSelectionTimeout='30000 ms', maxWaitQueueSize=500} 
2018:04:02 16:42:23.625 INFO  --- [main] org.mongodb.driver.cluster : Adding discovered server localhost:27017 to client view of cluster 
2018:04:02 16:42:23.649 INFO  --- [cluster-ClusterId{value='5ac1dedf23c1b059f4f36e3e', description='null'}-localhost:27017] org.mongodb.driver.cluster : Exception in monitor thread while connecting to server localhost:27017 
com.mongodb.MongoSocketOpenException: Exception opening socket
	at com.mongodb.connection.SocketStream.open(SocketStream.java:63)
	at com.mongodb.connection.InternalStreamConnection.open(InternalStreamConnection.java:114)
	at com.mongodb.connection.DefaultServerMonitor$ServerMonitorRunnable.run(DefaultServerMonitor.java:128)
	at java.lang.Thread.run(Thread.java:748)
Caused by: java.net.ConnectException: Connection refused (Connection refused)
	at java.net.PlainSocketImpl.socketConnect(Native Method)
	at java.net.AbstractPlainSocketImpl.doConnect(AbstractPlainSocketImpl.java:350)
	at java.net.AbstractPlainSocketImpl.connectToAddress(AbstractPlainSocketImpl.java:206)
	at java.net.AbstractPlainSocketImpl.connect(AbstractPlainSocketImpl.java:188)
	at java.net.SocksSocketImpl.connect(SocksSocketImpl.java:392)
	at java.net.Socket.connect(Socket.java:589)
	at com.mongodb.connection.SocketStreamHelper.initialize(SocketStreamHelper.java:50)
	at com.mongodb.connection.SocketStream.open(SocketStream.java:58)
	... 3 common frames omitted
2018:04:02 16:42:24.005 INFO  --- [main] o.s.w.s.m.m.a.RequestMappingHandlerAdapter : Looking for @ControllerAdvice: org.springframework.boot.context.embedded.AnnotationConfigEmbeddedWebApplicationContext@37ceb1df: startup date [Mon Apr 02 16:42:22 KST 2018]; root of context hierarchy 
2018:04:02 16:42:24.041 INFO  --- [main] o.s.w.s.m.m.a.RequestMappingHandlerMapping : Mapped "{[/mongodb]}" onto public java.util.List<com.skcc.mongodb.sample.domain.Customer> com.skcc.mongodb.sample.controller.MongoDbController.listUser(org.springframework.ui.Model) 
2018:04:02 16:42:24.044 INFO  --- [main] o.s.w.s.m.m.a.RequestMappingHandlerMapping : Mapped "{[/error]}" onto public org.springframework.http.ResponseEntity<java.util.Map<java.lang.String, java.lang.Object>> org.springframework.boot.autoconfigure.web.BasicErrorController.error(javax.servlet.http.HttpServletRequest) 
2018:04:02 16:42:24.045 INFO  --- [main] o.s.w.s.m.m.a.RequestMappingHandlerMapping : Mapped "{[/error],produces=[text/html]}" onto public org.springframework.web.servlet.ModelAndView org.springframework.boot.autoconfigure.web.BasicErrorController.errorHtml(javax.servlet.http.HttpServletRequest,javax.servlet.http.HttpServletResponse) 
2018:04:02 16:42:24.066 INFO  --- [main] o.s.w.s.h.SimpleUrlHandlerMapping : Mapped URL path [/webjars/**] onto handler of type [class org.springframework.web.servlet.resource.ResourceHttpRequestHandler] 
2018:04:02 16:42:24.067 INFO  --- [main] o.s.w.s.h.SimpleUrlHandlerMapping : Mapped URL path [/**] onto handler of type [class org.springframework.web.servlet.resource.ResourceHttpRequestHandler] 
2018:04:02 16:42:24.093 INFO  --- [main] o.s.w.s.h.SimpleUrlHandlerMapping : Mapped URL path [/**/favicon.ico] onto handler of type [class org.springframework.web.servlet.resource.ResourceHttpRequestHandler] 
2018:04:02 16:42:24.214 INFO  --- [main] o.s.j.e.a.AnnotationMBeanExporter : Registering beans for JMX exposure on startup 
2018:04:02 16:42:24.276 INFO  --- [main] o.s.b.c.e.t.TomcatEmbeddedServletContainer : Tomcat started on port(s): 8080 (http) 
2018:04:02 16:42:24.280 INFO  --- [main] com.skcc.mongodb.sample.Application : Started Application in 2.437 seconds (JVM running for 2.939) 
2018:04:02 16:42:26.567 INFO  --- [RMI TCP Connection(2)-127.0.0.1] o.s.b.a.SpringApplicationAdminMXBeanRegistrar$SpringApplicationAdmin : Application shutdown requested. 
2018:04:02 16:42:26.567 INFO  --- [RMI TCP Connection(2)-127.0.0.1] o.s.b.c.e.AnnotationConfigEmbeddedWebApplicationContext : Closing org.springframework.boot.context.embedded.AnnotationConfigEmbeddedWebApplicationContext@37ceb1df: startup date [Mon Apr 02 16:42:22 KST 2018]; root of context hierarchy 
2018:04:02 16:42:26.568 INFO  --- [RMI TCP Connection(2)-127.0.0.1] o.s.j.e.a.AnnotationMBeanExporter : Unregistering JMX-exposed beans on shutdown 
